[ 2016-05-04T09:56:24+08:00 ] 127.0.0.1 /wxdemo/
INFO: [ app_init ] --START--
INFO: Run Behavior\BuildLiteBehavior [ RunTime:0.000029s ]
INFO: [ app_init ] --END-- [ RunTime:0.000784s ]
INFO: [ app_begin ] --START--
INFO: Run Behavior\ReadHtmlCacheBehavior [ RunTime:0.000857s ]
INFO: [ app_begin ] --END-- [ RunTime:0.001028s ]
NOTIC: [2] ini_set() [<a href='function.ini-set'>function.ini-set</a>]: A session is active. You cannot change the session module's ini settings at this time F:\wampcz\www\wxdemo\ThinkPHP\Common\functions.php 第 1245 行.
NOTIC: [8] A session had already been started - ignoring session_start() F:\wampcz\www\wxdemo\ThinkPHP\Common\functions.php 第 1263 行.
NOTIC: [8] Undefined index: id F:\wampcz\www\wxdemo\Application\Home\Controller\IndexController.class.php 第 17 行.
SQL: SHOW COLUMNS FROM `wx_wechat` [ RunTime:0.0051s ]
ERR: 1064:You have an error in your SQL syntax; check the manual that corresponds to your MySQL server version for the right syntax to use near ') LIMIT 1' at line 1
 [ SQL语句 ] : SELECT * FROM `wx_wechat` WHERE ( id= ) LIMIT 1  
INFO: [ app_end ] --START--
INFO: Run Behavior\ShowPageTraceBehavior [ RunTime:0.000856s ]
INFO: [ app_end ] --END-- [ RunTime:0.000994s ]

[ 2016-05-04T17:52:02+08:00 ] 127.0.0.1 /wxdemo/WxIndex
INFO: [ app_init ] --START--
INFO: Run Behavior\BuildLiteBehavior [ RunTime:0.000048s ]
INFO: [ app_init ] --END-- [ RunTime:0.000853s ]
INFO: [ app_begin ] --START--
INFO: Run Behavior\ReadHtmlCacheBehavior [ RunTime:0.000527s ]
INFO: [ app_begin ] --END-- [ RunTime:0.000644s ]
NOTIC: [2] ini_set() [<a href='function.ini-set'>function.ini-set</a>]: A session is active. You cannot change the session module's ini settings at this time F:\wampcz\www\wxdemo\ThinkPHP\Common\functions.php 第 1245 行.
NOTIC: [8] A session had already been started - ignoring session_start() F:\wampcz\www\wxdemo\ThinkPHP\Common\functions.php 第 1263 行.
INFO: [ view_parse ] --START--
INFO: [ template_filter ] --START--
INFO: Run Behavior\ContentReplaceBehavior [ RunTime:0.000127s ]
INFO: [ template_filter ] --END-- [ RunTime:0.000234s ]
INFO: Run Behavior\ParseTemplateBehavior [ RunTime:0.124787s ]
INFO: [ view_parse ] --END-- [ RunTime:0.124982s ]
INFO: [ view_filter ] --START--
INFO: Run Behavior\WriteHtmlCacheBehavior [ RunTime:0.000701s ]
INFO: [ view_filter ] --END-- [ RunTime:0.000899s ]
INFO: [ app_end ] --START--
INFO: Run Behavior\ShowPageTraceBehavior [ RunTime:0.001218s ]
INFO: [ app_end ] --END-- [ RunTime:0.001469s ]

[ 2016-05-04T17:52:02+08:00 ] 127.0.0.1 /wxdemo/WxOther/welcome.html
INFO: [ app_init ] --START--
INFO: Run Behavior\BuildLiteBehavior [ RunTime:0.000026s ]
INFO: [ app_init ] --END-- [ RunTime:0.000509s ]
INFO: [ app_begin ] --START--
INFO: Run Behavior\ReadHtmlCacheBehavior [ RunTime:0.000537s ]
INFO: [ app_begin ] --END-- [ RunTime:0.000640s ]
NOTIC: [2] ini_set() [<a href='function.ini-set'>function.ini-set</a>]: A session is active. You cannot change the session module's ini settings at this time F:\wampcz\www\wxdemo\ThinkPHP\Common\functions.php 第 1245 行.
NOTIC: [8] A session had already been started - ignoring session_start() F:\wampcz\www\wxdemo\ThinkPHP\Common\functions.php 第 1263 行.
INFO: [ view_parse ] --START--
INFO: [ template_filter ] --START--
INFO: Run Behavior\ContentReplaceBehavior [ RunTime:0.000076s ]
INFO: [ template_filter ] --END-- [ RunTime:0.000168s ]
INFO: Run Behavior\ParseTemplateBehavior [ RunTime:0.023646s ]
INFO: [ view_parse ] --END-- [ RunTime:0.023751s ]
INFO: [ view_filter ] --START--
INFO: Run Behavior\WriteHtmlCacheBehavior [ RunTime:0.000319s ]
INFO: [ view_filter ] --END-- [ RunTime:0.000391s ]
INFO: [ app_end ] --START--
INFO: Run Behavior\ShowPageTraceBehavior [ RunTime:0.000424s ]
INFO: [ app_end ] --END-- [ RunTime:0.000494s ]

[ 2016-05-04T17:52:07+08:00 ] 127.0.0.1 /wxdemo/WxMenu/index.html
INFO: [ app_init ] --START--
INFO: Run Behavior\BuildLiteBehavior [ RunTime:0.000024s ]
INFO: [ app_init ] --END-- [ RunTime:0.000470s ]
INFO: [ app_begin ] --START--
INFO: Run Behavior\ReadHtmlCacheBehavior [ RunTime:0.000548s ]
INFO: [ app_begin ] --END-- [ RunTime:0.000641s ]
NOTIC: [2] ini_set() [<a href='function.ini-set'>function.ini-set</a>]: A session is active. You cannot change the session module's ini settings at this time F:\wampcz\www\wxdemo\ThinkPHP\Common\functions.php 第 1245 行.
NOTIC: [8] A session had already been started - ignoring session_start() F:\wampcz\www\wxdemo\ThinkPHP\Common\functions.php 第 1263 行.
SQL: SHOW COLUMNS FROM `wx_menue` [ RunTime:0.0035s ]
SQL: SELECT * FROM `wx_menue` WHERE `pid` = '0' AND `wxid` = 1  [ RunTime:0.0015s ]
SQL: SELECT * FROM `wx_menue` WHERE ( pid='9D4479C8-3295-48CB-B2EF-07313366BF5F' )  [ RunTime:0.0002s ]
SQL: SELECT * FROM `wx_menue` WHERE ( pid='07B19906-2802-436E-B72B-DE6DE928672B' )  [ RunTime:0.0002s ]
SQL: SELECT * FROM `wx_menue` WHERE ( pid='0F5AB5B9-DB6C-4712-8221-7DA7A952F6A3' )  [ RunTime:0.0002s ]
NOTIC: [8] Undefined index: 0 F:\wampcz\www\wxdemo\Application\Home\Controller\WxMenuController.class.php 第 135 行.
NOTIC: [8] Undefined index: 1 F:\wampcz\www\wxdemo\Application\Home\Controller\WxMenuController.class.php 第 136 行.
NOTIC: [8] Undefined index: 2 F:\wampcz\www\wxdemo\Application\Home\Controller\WxMenuController.class.php 第 137 行.
NOTIC: [8] Undefined index: 3 F:\wampcz\www\wxdemo\Application\Home\Controller\WxMenuController.class.php 第 138 行.
NOTIC: [8] Undefined index: 4 F:\wampcz\www\wxdemo\Application\Home\Controller\WxMenuController.class.php 第 139 行.
INFO: [ view_parse ] --START--
INFO: [ template_filter ] --START--
INFO: Run Behavior\ContentReplaceBehavior [ RunTime:0.000224s ]
INFO: [ template_filter ] --END-- [ RunTime:0.000328s ]
INFO: Run Behavior\ParseTemplateBehavior [ RunTime:0.082971s ]
INFO: [ view_parse ] --END-- [ RunTime:0.083096s ]
INFO: [ view_filter ] --START--
INFO: Run Behavior\WriteHtmlCacheBehavior [ RunTime:0.000346s ]
INFO: [ view_filter ] --END-- [ RunTime:0.000431s ]
INFO: [ app_end ] --START--
INFO: Run Behavior\ShowPageTraceBehavior [ RunTime:0.000518s ]
INFO: [ app_end ] --END-- [ RunTime:0.000605s ]

[ 2016-05-04T17:52:07+08:00 ] 127.0.0.1 /wxdemo/WxMenu/lib/webuploader/0.1.5/webuploader.css
INFO: [ app_init ] --START--
INFO: Run Behavior\BuildLiteBehavior [ RunTime:0.000022s ]
INFO: [ app_init ] --END-- [ RunTime:0.000456s ]
INFO: [ app_begin ] --START--
INFO: Run Behavior\ReadHtmlCacheBehavior [ RunTime:0.000474s ]
INFO: [ app_begin ] --END-- [ RunTime:0.000548s ]
NOTIC: [2] ini_set() [<a href='function.ini-set'>function.ini-set</a>]: A session is active. You cannot change the session module's ini settings at this time F:\wampcz\www\wxdemo\ThinkPHP\Common\functions.php 第 1245 行.
NOTIC: [8] A session had already been started - ignoring session_start() F:\wampcz\www\wxdemo\ThinkPHP\Common\functions.php 第 1263 行.
ERR: 非法操作:lib

