[ 2016-05-23T14:35:25+08:00 ] 127.0.0.1 /wxdemo/Admin/Index/index.html
INFO: [ app_init ] --START--
INFO: Run Behavior\BuildLiteBehavior [ RunTime:0.000017s ]
INFO: [ app_init ] --END-- [ RunTime:0.000339s ]
INFO: [ app_begin ] --START--
INFO: Run Behavior\ReadHtmlCacheBehavior [ RunTime:0.000445s ]
INFO: [ app_begin ] --END-- [ RunTime:0.000522s ]
NOTIC: [2] ini_set() [<a href='function.ini-set'>function.ini-set</a>]: A session is active. You cannot change the session module's ini settings at this time F:\wampcz\www\wxdemo\ThinkPHP\Common\functions.php 第 1245 行.
NOTIC: [8] A session had already been started - ignoring session_start() F:\wampcz\www\wxdemo\ThinkPHP\Common\functions.php 第 1263 行.
INFO: [ view_parse ] --START--
INFO: [ template_filter ] --START--
INFO: Run Behavior\ContentReplaceBehavior [ RunTime:0.000305s ]
INFO: [ template_filter ] --END-- [ RunTime:0.000603s ]
INFO: Run Behavior\ParseTemplateBehavior [ RunTime:0.049198s ]
INFO: [ view_parse ] --END-- [ RunTime:0.049409s ]
INFO: [ view_filter ] --START--
INFO: Run Behavior\WriteHtmlCacheBehavior [ RunTime:0.000979s ]
INFO: [ view_filter ] --END-- [ RunTime:0.001232s ]
INFO: [ app_end ] --START--
INFO: Run Behavior\ShowPageTraceBehavior [ RunTime:0.001978s ]
INFO: [ app_end ] --END-- [ RunTime:0.002354s ]

[ 2016-05-23T14:35:25+08:00 ] 127.0.0.1 /wxdemo/admin/WxOthor/welcome
INFO: [ app_init ] --START--
INFO: Run Behavior\BuildLiteBehavior [ RunTime:0.000030s ]
INFO: [ app_init ] --END-- [ RunTime:0.000607s ]
INFO: [ app_begin ] --START--
INFO: Run Behavior\ReadHtmlCacheBehavior [ RunTime:0.000458s ]
INFO: [ app_begin ] --END-- [ RunTime:0.000539s ]
NOTIC: [2] ini_set() [<a href='function.ini-set'>function.ini-set</a>]: A session is active. You cannot change the session module's ini settings at this time F:\wampcz\www\wxdemo\ThinkPHP\Common\functions.php 第 1245 行.
NOTIC: [8] A session had already been started - ignoring session_start() F:\wampcz\www\wxdemo\ThinkPHP\Common\functions.php 第 1263 行.
INFO: [ view_parse ] --START--
INFO: [ template_filter ] --START--
INFO: Run Behavior\ContentReplaceBehavior [ RunTime:0.000075s ]
INFO: [ template_filter ] --END-- [ RunTime:0.000169s ]
INFO: Run Behavior\ParseTemplateBehavior [ RunTime:0.019925s ]
INFO: [ view_parse ] --END-- [ RunTime:0.020012s ]
INFO: [ view_filter ] --START--
INFO: Run Behavior\WriteHtmlCacheBehavior [ RunTime:0.000293s ]
INFO: [ view_filter ] --END-- [ RunTime:0.000366s ]
INFO: [ app_end ] --START--
INFO: Run Behavior\ShowPageTraceBehavior [ RunTime:0.000463s ]
INFO: [ app_end ] --END-- [ RunTime:0.000539s ]

[ 2016-05-23T14:35:30+08:00 ] 127.0.0.1 /wxdemo/Admin/SysTems/syslog
INFO: [ app_init ] --START--
INFO: Run Behavior\BuildLiteBehavior [ RunTime:0.000017s ]
INFO: [ app_init ] --END-- [ RunTime:0.000394s ]
INFO: [ app_begin ] --START--
INFO: Run Behavior\ReadHtmlCacheBehavior [ RunTime:0.000410s ]
INFO: [ app_begin ] --END-- [ RunTime:0.000490s ]
NOTIC: [2] ini_set() [<a href='function.ini-set'>function.ini-set</a>]: A session is active. You cannot change the session module's ini settings at this time F:\wampcz\www\wxdemo\ThinkPHP\Common\functions.php 第 1245 行.
NOTIC: [8] A session had already been started - ignoring session_start() F:\wampcz\www\wxdemo\ThinkPHP\Common\functions.php 第 1263 行.
INFO: [ view_parse ] --START--
INFO: [ template_filter ] --START--
INFO: Run Behavior\ContentReplaceBehavior [ RunTime:0.000074s ]
INFO: [ template_filter ] --END-- [ RunTime:0.000163s ]
INFO: Run Behavior\ParseTemplateBehavior [ RunTime:0.016557s ]
INFO: [ view_parse ] --END-- [ RunTime:0.016637s ]
INFO: [ view_filter ] --START--
INFO: Run Behavior\WriteHtmlCacheBehavior [ RunTime:0.000240s ]
INFO: [ view_filter ] --END-- [ RunTime:0.000310s ]
INFO: [ app_end ] --START--
INFO: Run Behavior\ShowPageTraceBehavior [ RunTime:0.000413s ]
INFO: [ app_end ] --END-- [ RunTime:0.000485s ]

[ 2016-05-23T14:35:35+08:00 ] 127.0.0.1 /wxdemo/Admin/SysTems/sysbase
INFO: [ app_init ] --START--
INFO: Run Behavior\BuildLiteBehavior [ RunTime:0.000036s ]
INFO: [ app_init ] --END-- [ RunTime:0.000817s ]
INFO: [ app_begin ] --START--
INFO: Run Behavior\ReadHtmlCacheBehavior [ RunTime:0.000796s ]
INFO: [ app_begin ] --END-- [ RunTime:0.000964s ]
NOTIC: [2] ini_set() [<a href='function.ini-set'>function.ini-set</a>]: A session is active. You cannot change the session module's ini settings at this time F:\wampcz\www\wxdemo\ThinkPHP\Common\functions.php 第 1245 行.
NOTIC: [8] A session had already been started - ignoring session_start() F:\wampcz\www\wxdemo\ThinkPHP\Common\functions.php 第 1263 行.
INFO: [ view_parse ] --START--
INFO: [ template_filter ] --START--
INFO: Run Behavior\ContentReplaceBehavior [ RunTime:0.000079s ]
INFO: [ template_filter ] --END-- [ RunTime:0.000168s ]
INFO: Run Behavior\ParseTemplateBehavior [ RunTime:0.017171s ]
INFO: [ view_parse ] --END-- [ RunTime:0.017253s ]
INFO: [ view_filter ] --START--
INFO: Run Behavior\WriteHtmlCacheBehavior [ RunTime:0.000298s ]
INFO: [ view_filter ] --END-- [ RunTime:0.000369s ]
INFO: [ app_end ] --START--
INFO: Run Behavior\ShowPageTraceBehavior [ RunTime:0.000494s ]
INFO: [ app_end ] --END-- [ RunTime:0.000575s ]

[ 2016-05-23T17:48:24+08:00 ] 127.0.0.1 /wxdemo/admin
INFO: [ app_init ] --START--
INFO: Run Behavior\BuildLiteBehavior [ RunTime:0.000031s ]
INFO: [ app_init ] --END-- [ RunTime:0.000611s ]
INFO: [ app_begin ] --START--
INFO: Run Behavior\ReadHtmlCacheBehavior [ RunTime:0.000724s ]
INFO: [ app_begin ] --END-- [ RunTime:0.000861s ]
NOTIC: [2] ini_set() [<a href='function.ini-set'>function.ini-set</a>]: A session is active. You cannot change the session module's ini settings at this time F:\wampcz\www\wxdemo\ThinkPHP\Common\functions.php 第 1245 行.
NOTIC: [8] A session had already been started - ignoring session_start() F:\wampcz\www\wxdemo\ThinkPHP\Common\functions.php 第 1263 行.
ERR: 无法加载控制器:WxIndex

[ 2016-05-23T17:48:35+08:00 ] 127.0.0.1 /wxdemo/admin/Index
INFO: [ app_init ] --START--
INFO: Run Behavior\BuildLiteBehavior [ RunTime:0.000024s ]
INFO: [ app_init ] --END-- [ RunTime:0.000615s ]
INFO: [ app_begin ] --START--
INFO: Run Behavior\ReadHtmlCacheBehavior [ RunTime:0.000593s ]
INFO: [ app_begin ] --END-- [ RunTime:0.000703s ]
NOTIC: [2] ini_set() [<a href='function.ini-set'>function.ini-set</a>]: A session is active. You cannot change the session module's ini settings at this time F:\wampcz\www\wxdemo\ThinkPHP\Common\functions.php 第 1245 行.
NOTIC: [8] A session had already been started - ignoring session_start() F:\wampcz\www\wxdemo\ThinkPHP\Common\functions.php 第 1263 行.
INFO: [ view_parse ] --START--
INFO: [ template_filter ] --START--
INFO: Run Behavior\ContentReplaceBehavior [ RunTime:0.000116s ]
INFO: [ template_filter ] --END-- [ RunTime:0.000228s ]
INFO: Run Behavior\ParseTemplateBehavior [ RunTime:0.009720s ]
INFO: [ view_parse ] --END-- [ RunTime:0.009863s ]
INFO: [ view_filter ] --START--
INFO: Run Behavior\WriteHtmlCacheBehavior [ RunTime:0.000334s ]
INFO: [ view_filter ] --END-- [ RunTime:0.000425s ]
INFO: [ app_end ] --START--
INFO: Run Behavior\ShowPageTraceBehavior [ RunTime:0.000537s ]
INFO: [ app_end ] --END-- [ RunTime:0.000632s ]

[ 2016-05-23T17:48:35+08:00 ] 127.0.0.1 /wxdemo/admin/WxOthor/welcome
INFO: [ app_init ] --START--
INFO: Run Behavior\BuildLiteBehavior [ RunTime:0.000024s ]
INFO: [ app_init ] --END-- [ RunTime:0.000473s ]
INFO: [ app_begin ] --START--
INFO: Run Behavior\ReadHtmlCacheBehavior [ RunTime:0.000562s ]
INFO: [ app_begin ] --END-- [ RunTime:0.000675s ]
NOTIC: [2] ini_set() [<a href='function.ini-set'>function.ini-set</a>]: A session is active. You cannot change the session module's ini settings at this time F:\wampcz\www\wxdemo\ThinkPHP\Common\functions.php 第 1245 行.
NOTIC: [8] A session had already been started - ignoring session_start() F:\wampcz\www\wxdemo\ThinkPHP\Common\functions.php 第 1263 行.
INFO: [ view_parse ] --START--
INFO: [ template_filter ] --START--
INFO: Run Behavior\ContentReplaceBehavior [ RunTime:0.000077s ]
INFO: [ template_filter ] --END-- [ RunTime:0.000177s ]
INFO: Run Behavior\ParseTemplateBehavior [ RunTime:0.007473s ]
INFO: [ view_parse ] --END-- [ RunTime:0.007572s ]
INFO: [ view_filter ] --START--
INFO: Run Behavior\WriteHtmlCacheBehavior [ RunTime:0.000317s ]
INFO: [ view_filter ] --END-- [ RunTime:0.000387s ]
INFO: [ app_end ] --START--
INFO: Run Behavior\ShowPageTraceBehavior [ RunTime:0.000568s ]
INFO: [ app_end ] --END-- [ RunTime:0.000658s ]

[ 2016-05-23T17:48:37+08:00 ] 127.0.0.1 /wxdemo/Admin/Wechat/index
INFO: [ app_init ] --START--
INFO: Run Behavior\BuildLiteBehavior [ RunTime:0.000038s ]
INFO: [ app_init ] --END-- [ RunTime:0.000769s ]
INFO: [ app_begin ] --START--
INFO: Run Behavior\ReadHtmlCacheBehavior [ RunTime:0.000878s ]
INFO: [ app_begin ] --END-- [ RunTime:0.001064s ]
NOTIC: [2] ini_set() [<a href='function.ini-set'>function.ini-set</a>]: A session is active. You cannot change the session module's ini settings at this time F:\wampcz\www\wxdemo\ThinkPHP\Common\functions.php 第 1245 行.
NOTIC: [8] A session had already been started - ignoring session_start() F:\wampcz\www\wxdemo\ThinkPHP\Common\functions.php 第 1263 行.
SQL: SHOW COLUMNS FROM `wx_wechat` [ RunTime:0.0032s ]
NOTIC: [8] Undefined index: code F:\wampcz\www\wxdemo\Application\Admin\Controller\WechatController.class.php 第 8 行.
SQL: SELECT COUNT(*) AS tp_count FROM `wx_wechat` LIMIT 1   [ RunTime:0.0002s ]
SQL: SELECT * FROM `wx_wechat` ORDER BY id desc LIMIT 0,8   [ RunTime:0.0002s ]
INFO: [ view_parse ] --START--
INFO: [ template_filter ] --START--
INFO: Run Behavior\ContentReplaceBehavior [ RunTime:0.000091s ]
INFO: [ template_filter ] --END-- [ RunTime:0.000203s ]
NOTIC: [8] Uninitialized string offset: 0 F:\wampcz\www\wxdemo\Application\Runtime\Cache\Admin\138883f8411c83891319bcbaf8069345.php 第 34 行.
INFO: Run Behavior\ParseTemplateBehavior [ RunTime:0.018389s ]
INFO: [ view_parse ] --END-- [ RunTime:0.018481s ]
INFO: [ view_filter ] --START--
INFO: Run Behavior\WriteHtmlCacheBehavior [ RunTime:0.000344s ]
INFO: [ view_filter ] --END-- [ RunTime:0.000428s ]
INFO: [ app_end ] --START--
INFO: Run Behavior\ShowPageTraceBehavior [ RunTime:0.000692s ]
INFO: [ app_end ] --END-- [ RunTime:0.000801s ]

[ 2016-05-23T17:48:38+08:00 ] 127.0.0.1 /wxdemo/Admin/Role/index
INFO: [ app_init ] --START--
INFO: Run Behavior\BuildLiteBehavior [ RunTime:0.000024s ]
INFO: [ app_init ] --END-- [ RunTime:0.000479s ]
INFO: [ app_begin ] --START--
INFO: Run Behavior\ReadHtmlCacheBehavior [ RunTime:0.000555s ]
INFO: [ app_begin ] --END-- [ RunTime:0.000654s ]
NOTIC: [2] ini_set() [<a href='function.ini-set'>function.ini-set</a>]: A session is active. You cannot change the session module's ini settings at this time F:\wampcz\www\wxdemo\ThinkPHP\Common\functions.php 第 1245 行.
NOTIC: [8] A session had already been started - ignoring session_start() F:\wampcz\www\wxdemo\ThinkPHP\Common\functions.php 第 1263 行.
SQL: SHOW COLUMNS FROM `wx_rolue` [ RunTime:0.0033s ]
SQL: SELECT * FROM `wx_rolue`  [ RunTime:0.0003s ]
SQL: SHOW COLUMNS FROM `wx_wechat` [ RunTime:0.0029s ]
SQL: SELECT * FROM `wx_wechat` WHERE ( id='1' ) LIMIT 1   [ RunTime:0.0002s ]
SQL: SELECT * FROM `wx_wechat` WHERE ( id='1' ) LIMIT 1   [ RunTime:0.0002s ]
INFO: [ view_parse ] --START--
INFO: [ template_filter ] --START--
INFO: Run Behavior\ContentReplaceBehavior [ RunTime:0.000094s ]
INFO: [ template_filter ] --END-- [ RunTime:0.000199s ]
INFO: Run Behavior\ParseTemplateBehavior [ RunTime:0.020931s ]
INFO: [ view_parse ] --END-- [ RunTime:0.021032s ]
INFO: [ view_filter ] --START--
INFO: Run Behavior\WriteHtmlCacheBehavior [ RunTime:0.000360s ]
INFO: [ view_filter ] --END-- [ RunTime:0.000447s ]
INFO: [ app_end ] --START--
INFO: Run Behavior\ShowPageTraceBehavior [ RunTime:0.000580s ]
INFO: [ app_end ] --END-- [ RunTime:0.000668s ]

[ 2016-05-23T17:48:39+08:00 ] 127.0.0.1 /wxdemo/Admin/Menue/index
INFO: [ app_init ] --START--
INFO: Run Behavior\BuildLiteBehavior [ RunTime:0.000033s ]
INFO: [ app_init ] --END-- [ RunTime:0.000694s ]
INFO: [ app_begin ] --START--
INFO: Run Behavior\ReadHtmlCacheBehavior [ RunTime:0.000758s ]
INFO: [ app_begin ] --END-- [ RunTime:0.000902s ]
NOTIC: [2] ini_set() [<a href='function.ini-set'>function.ini-set</a>]: A session is active. You cannot change the session module's ini settings at this time F:\wampcz\www\wxdemo\ThinkPHP\Common\functions.php 第 1245 行.
NOTIC: [8] A session had already been started - ignoring session_start() F:\wampcz\www\wxdemo\ThinkPHP\Common\functions.php 第 1263 行.
SQL: select count(DISTINCT menu_cate) as count FROM wx_hmenu [ RunTime:0.0005s ]
SQL: select DISTINCT  menu_cate as menu_name,id,creat_name FROM wx_hmenu GROUP BY menu_cate [ RunTime:0.0003s ]
INFO: [ view_parse ] --START--
INFO: [ template_filter ] --START--
INFO: Run Behavior\ContentReplaceBehavior [ RunTime:0.000079s ]
INFO: [ template_filter ] --END-- [ RunTime:0.000161s ]
INFO: Run Behavior\ParseTemplateBehavior [ RunTime:0.034986s ]
INFO: [ view_parse ] --END-- [ RunTime:0.035118s ]
INFO: [ view_filter ] --START--
INFO: Run Behavior\WriteHtmlCacheBehavior [ RunTime:0.000266s ]
INFO: [ view_filter ] --END-- [ RunTime:0.000338s ]
INFO: [ app_end ] --START--
INFO: Run Behavior\ShowPageTraceBehavior [ RunTime:0.000415s ]
INFO: [ app_end ] --END-- [ RunTime:0.000486s ]

[ 2016-05-23T17:48:39+08:00 ] 127.0.0.1 /wxdemo/Admin/AdminUser/index
INFO: [ app_init ] --START--
INFO: Run Behavior\BuildLiteBehavior [ RunTime:0.000032s ]
INFO: [ app_init ] --END-- [ RunTime:0.000728s ]
INFO: [ app_begin ] --START--
INFO: Run Behavior\ReadHtmlCacheBehavior [ RunTime:0.000802s ]
INFO: [ app_begin ] --END-- [ RunTime:0.000952s ]
NOTIC: [2] ini_set() [<a href='function.ini-set'>function.ini-set</a>]: A session is active. You cannot change the session module's ini settings at this time F:\wampcz\www\wxdemo\ThinkPHP\Common\functions.php 第 1245 行.
NOTIC: [8] A session had already been started - ignoring session_start() F:\wampcz\www\wxdemo\ThinkPHP\Common\functions.php 第 1263 行.
SQL: SHOW COLUMNS FROM `wx_adminuser` [ RunTime:0.0048s ]
NOTIC: [8] Undefined index: code F:\wampcz\www\wxdemo\Application\Admin\Controller\AdminUserController.class.php 第 9 行.
SQL: SELECT COUNT(*) AS tp_count FROM `wx_adminuser` WHERE `state` = '1' LIMIT 1   [ RunTime:0.0004s ]
SQL: SELECT * FROM `wx_adminuser` WHERE `state` = '1' ORDER BY id desc LIMIT 0,8   [ RunTime:0.0005s ]
SQL: SHOW COLUMNS FROM `wx_rolue` [ RunTime:0.0048s ]
SQL: SELECT `id`,`name` FROM `wx_rolue` WHERE ( id='8' ) LIMIT 1   [ RunTime:0.0004s ]
SQL: SELECT `id`,`name` FROM `wx_rolue` WHERE ( id='7' ) LIMIT 1   [ RunTime:0.0004s ]
INFO: [ view_parse ] --START--
INFO: [ template_filter ] --START--
INFO: Run Behavior\ContentReplaceBehavior [ RunTime:0.000160s ]
INFO: [ template_filter ] --END-- [ RunTime:0.000317s ]
INFO: Run Behavior\ParseTemplateBehavior [ RunTime:0.028554s ]
INFO: [ view_parse ] --END-- [ RunTime:0.028713s ]
INFO: [ view_filter ] --START--
INFO: Run Behavior\WriteHtmlCacheBehavior [ RunTime:0.000492s ]
INFO: [ view_filter ] --END-- [ RunTime:0.000622s ]
INFO: [ app_end ] --START--
INFO: Run Behavior\ShowPageTraceBehavior [ RunTime:0.000808s ]
INFO: [ app_end ] --END-- [ RunTime:0.000947s ]

[ 2016-05-23T17:48:41+08:00 ] 127.0.0.1 /wxdemo/Admin/Baob/index
INFO: [ app_init ] --START--
INFO: Run Behavior\BuildLiteBehavior [ RunTime:0.000031s ]
INFO: [ app_init ] --END-- [ RunTime:0.000612s ]
INFO: [ app_begin ] --START--
INFO: Run Behavior\ReadHtmlCacheBehavior [ RunTime:0.000661s ]
INFO: [ app_begin ] --END-- [ RunTime:0.000801s ]
NOTIC: [2] ini_set() [<a href='function.ini-set'>function.ini-set</a>]: A session is active. You cannot change the session module's ini settings at this time F:\wampcz\www\wxdemo\ThinkPHP\Common\functions.php 第 1245 行.
NOTIC: [8] A session had already been started - ignoring session_start() F:\wampcz\www\wxdemo\ThinkPHP\Common\functions.php 第 1263 行.
INFO: [ view_parse ] --START--
INFO: [ template_filter ] --START--
INFO: Run Behavior\ContentReplaceBehavior [ RunTime:0.000103s ]
INFO: [ template_filter ] --END-- [ RunTime:0.000231s ]
INFO: Run Behavior\ParseTemplateBehavior [ RunTime:0.033089s ]
INFO: [ view_parse ] --END-- [ RunTime:0.033238s ]
INFO: [ view_filter ] --START--
INFO: Run Behavior\WriteHtmlCacheBehavior [ RunTime:0.000382s ]
INFO: [ view_filter ] --END-- [ RunTime:0.000480s ]
INFO: [ app_end ] --START--
INFO: Run Behavior\ShowPageTraceBehavior [ RunTime:0.000676s ]
INFO: [ app_end ] --END-- [ RunTime:0.000782s ]

[ 2016-05-23T17:48:42+08:00 ] 127.0.0.1 /wxdemo/Admin/SysTems/sysbase
INFO: [ app_init ] --START--
INFO: Run Behavior\BuildLiteBehavior [ RunTime:0.000021s ]
INFO: [ app_init ] --END-- [ RunTime:0.000395s ]
INFO: [ app_begin ] --START--
INFO: Run Behavior\ReadHtmlCacheBehavior [ RunTime:0.000479s ]
INFO: [ app_begin ] --END-- [ RunTime:0.000578s ]
NOTIC: [2] ini_set() [<a href='function.ini-set'>function.ini-set</a>]: A session is active. You cannot change the session module's ini settings at this time F:\wampcz\www\wxdemo\ThinkPHP\Common\functions.php 第 1245 行.
NOTIC: [8] A session had already been started - ignoring session_start() F:\wampcz\www\wxdemo\ThinkPHP\Common\functions.php 第 1263 行.
INFO: [ view_parse ] --START--
INFO: [ template_filter ] --START--
INFO: Run Behavior\ContentReplaceBehavior [ RunTime:0.000114s ]
INFO: [ template_filter ] --END-- [ RunTime:0.000213s ]
INFO: Run Behavior\ParseTemplateBehavior [ RunTime:0.007768s ]
INFO: [ view_parse ] --END-- [ RunTime:0.007864s ]
INFO: [ view_filter ] --START--
INFO: Run Behavior\WriteHtmlCacheBehavior [ RunTime:0.000275s ]
INFO: [ view_filter ] --END-- [ RunTime:0.000351s ]
INFO: [ app_end ] --START--
INFO: Run Behavior\ShowPageTraceBehavior [ RunTime:0.000456s ]
INFO: [ app_end ] --END-- [ RunTime:0.000538s ]

[ 2016-05-23T17:48:44+08:00 ] 127.0.0.1 /wxdemo/Admin/SysTems/syslog
INFO: [ app_init ] --START--
INFO: Run Behavior\BuildLiteBehavior [ RunTime:0.000046s ]
INFO: [ app_init ] --END-- [ RunTime:0.000985s ]
INFO: [ app_begin ] --START--
INFO: Run Behavior\ReadHtmlCacheBehavior [ RunTime:0.000524s ]
INFO: [ app_begin ] --END-- [ RunTime:0.000620s ]
NOTIC: [2] ini_set() [<a href='function.ini-set'>function.ini-set</a>]: A session is active. You cannot change the session module's ini settings at this time F:\wampcz\www\wxdemo\ThinkPHP\Common\functions.php 第 1245 行.
NOTIC: [8] A session had already been started - ignoring session_start() F:\wampcz\www\wxdemo\ThinkPHP\Common\functions.php 第 1263 行.
INFO: [ view_parse ] --START--
INFO: [ template_filter ] --START--
INFO: Run Behavior\ContentReplaceBehavior [ RunTime:0.000080s ]
INFO: [ template_filter ] --END-- [ RunTime:0.000172s ]
INFO: Run Behavior\ParseTemplateBehavior [ RunTime:0.006493s ]
INFO: [ view_parse ] --END-- [ RunTime:0.006581s ]
INFO: [ view_filter ] --START--
INFO: Run Behavior\WriteHtmlCacheBehavior [ RunTime:0.000267s ]
INFO: [ view_filter ] --END-- [ RunTime:0.000362s ]
INFO: [ app_end ] --START--
INFO: Run Behavior\ShowPageTraceBehavior [ RunTime:0.000491s ]
INFO: [ app_end ] --END-- [ RunTime:0.000573s ]

