[ 2016-05-20T11:57:30+08:00 ] 127.0.0.1 /wxdemo/admin/index/index.html
INFO: [ app_init ] --START--
INFO: Run Behavior\BuildLiteBehavior [ RunTime:0.000020s ]
INFO: [ app_init ] --END-- [ RunTime:0.000444s ]
INFO: [ app_begin ] --START--
INFO: Run Behavior\ReadHtmlCacheBehavior [ RunTime:0.000540s ]
INFO: [ app_begin ] --END-- [ RunTime:0.000621s ]
NOTIC: [2] ini_set() [<a href='function.ini-set'>function.ini-set</a>]: A session is active. You cannot change the session module's ini settings at this time F:\wampcz\www\wxdemo\ThinkPHP\Common\functions.php 第 1245 行.
NOTIC: [8] A session had already been started - ignoring session_start() F:\wampcz\www\wxdemo\ThinkPHP\Common\functions.php 第 1263 行.
INFO: [ view_parse ] --START--
INFO: [ template_filter ] --START--
INFO: Run Behavior\ContentReplaceBehavior [ RunTime:0.000258s ]
INFO: [ template_filter ] --END-- [ RunTime:0.000490s ]
INFO: Run Behavior\ParseTemplateBehavior [ RunTime:0.044050s ]
INFO: [ view_parse ] --END-- [ RunTime:0.044218s ]
INFO: [ view_filter ] --START--
INFO: Run Behavior\WriteHtmlCacheBehavior [ RunTime:0.000875s ]
INFO: [ view_filter ] --END-- [ RunTime:0.001051s ]
INFO: [ app_end ] --START--
INFO: Run Behavior\ShowPageTraceBehavior [ RunTime:0.001265s ]
INFO: [ app_end ] --END-- [ RunTime:0.001474s ]

[ 2016-05-20T11:57:31+08:00 ] 127.0.0.1 /wxdemo/admin/WxOthor/welcome
INFO: [ app_init ] --START--
INFO: Run Behavior\BuildLiteBehavior [ RunTime:0.000021s ]
INFO: [ app_init ] --END-- [ RunTime:0.000357s ]
INFO: [ app_begin ] --START--
INFO: Run Behavior\ReadHtmlCacheBehavior [ RunTime:0.000382s ]
INFO: [ app_begin ] --END-- [ RunTime:0.000462s ]
NOTIC: [2] ini_set() [<a href='function.ini-set'>function.ini-set</a>]: A session is active. You cannot change the session module's ini settings at this time F:\wampcz\www\wxdemo\ThinkPHP\Common\functions.php 第 1245 行.
NOTIC: [8] A session had already been started - ignoring session_start() F:\wampcz\www\wxdemo\ThinkPHP\Common\functions.php 第 1263 行.
INFO: [ view_parse ] --START--
INFO: [ template_filter ] --START--
INFO: Run Behavior\ContentReplaceBehavior [ RunTime:0.000080s ]
INFO: [ template_filter ] --END-- [ RunTime:0.000225s ]
INFO: Run Behavior\ParseTemplateBehavior [ RunTime:0.020901s ]
INFO: [ view_parse ] --END-- [ RunTime:0.021000s ]
INFO: [ view_filter ] --START--
INFO: Run Behavior\WriteHtmlCacheBehavior [ RunTime:0.000312s ]
INFO: [ view_filter ] --END-- [ RunTime:0.000408s ]
INFO: [ app_end ] --START--
INFO: Run Behavior\ShowPageTraceBehavior [ RunTime:0.000554s ]
INFO: [ app_end ] --END-- [ RunTime:0.000654s ]

