[ 2016-05-13T10:37:13+08:00 ] 127.0.0.1 /wxdemo/admin
INFO: [ app_init ] --START--
INFO: Run Behavior\BuildLiteBehavior [ RunTime:0.000015s ]
INFO: [ app_init ] --END-- [ RunTime:0.000412s ]
INFO: [ app_begin ] --START--
INFO: Run Behavior\ReadHtmlCacheBehavior [ RunTime:0.000512s ]
INFO: [ app_begin ] --END-- [ RunTime:0.000620s ]
NOTIC: [2] ini_set() [<a href='function.ini-set'>function.ini-set</a>]: A session is active. You cannot change the session module's ini settings at this time F:\wampcz\www\wxdemo\ThinkPHP\Common\functions.php 第 1245 行.
NOTIC: [8] A session had already been started - ignoring session_start() F:\wampcz\www\wxdemo\ThinkPHP\Common\functions.php 第 1263 行.
ERR: 无法加载控制器:WxIndex

[ 2016-05-13T10:37:24+08:00 ] 127.0.0.1 /wxdemo/admin/Index/index
INFO: [ app_init ] --START--
INFO: Run Behavior\BuildLiteBehavior [ RunTime:0.000034s ]
INFO: [ app_init ] --END-- [ RunTime:0.000847s ]
INFO: [ app_begin ] --START--
INFO: Run Behavior\ReadHtmlCacheBehavior [ RunTime:0.001042s ]
INFO: [ app_begin ] --END-- [ RunTime:0.001222s ]
NOTIC: [2] ini_set() [<a href='function.ini-set'>function.ini-set</a>]: A session is active. You cannot change the session module's ini settings at this time F:\wampcz\www\wxdemo\ThinkPHP\Common\functions.php 第 1245 行.
NOTIC: [8] A session had already been started - ignoring session_start() F:\wampcz\www\wxdemo\ThinkPHP\Common\functions.php 第 1263 行.
INFO: [ view_parse ] --START--
INFO: [ template_filter ] --START--
INFO: Run Behavior\ContentReplaceBehavior [ RunTime:0.000174s ]
INFO: [ template_filter ] --END-- [ RunTime:0.000348s ]
INFO: Run Behavior\ParseTemplateBehavior [ RunTime:0.014775s ]
INFO: [ view_parse ] --END-- [ RunTime:0.014938s ]
INFO: [ view_filter ] --START--
INFO: Run Behavior\WriteHtmlCacheBehavior [ RunTime:0.000703s ]
INFO: [ view_filter ] --END-- [ RunTime:0.000851s ]
INFO: [ app_end ] --START--
INFO: Run Behavior\ShowPageTraceBehavior [ RunTime:0.001067s ]
INFO: [ app_end ] --END-- [ RunTime:0.001218s ]

[ 2016-05-13T10:37:24+08:00 ] 127.0.0.1 /wxdemo/admin/WxOthor/welcome
INFO: [ app_init ] --START--
INFO: Run Behavior\BuildLiteBehavior [ RunTime:0.000018s ]
INFO: [ app_init ] --END-- [ RunTime:0.000336s ]
INFO: [ app_begin ] --START--
INFO: Run Behavior\ReadHtmlCacheBehavior [ RunTime:0.000392s ]
INFO: [ app_begin ] --END-- [ RunTime:0.000470s ]
NOTIC: [2] ini_set() [<a href='function.ini-set'>function.ini-set</a>]: A session is active. You cannot change the session module's ini settings at this time F:\wampcz\www\wxdemo\ThinkPHP\Common\functions.php 第 1245 行.
NOTIC: [8] A session had already been started - ignoring session_start() F:\wampcz\www\wxdemo\ThinkPHP\Common\functions.php 第 1263 行.
INFO: [ view_parse ] --START--
INFO: [ template_filter ] --START--
INFO: Run Behavior\ContentReplaceBehavior [ RunTime:0.000088s ]
INFO: [ template_filter ] --END-- [ RunTime:0.000184s ]
INFO: Run Behavior\ParseTemplateBehavior [ RunTime:0.005855s ]
INFO: [ view_parse ] --END-- [ RunTime:0.005932s ]
INFO: [ view_filter ] --START--
INFO: Run Behavior\WriteHtmlCacheBehavior [ RunTime:0.000261s ]
INFO: [ view_filter ] --END-- [ RunTime:0.000327s ]
INFO: [ app_end ] --START--
INFO: Run Behavior\ShowPageTraceBehavior [ RunTime:0.000420s ]
INFO: [ app_end ] --END-- [ RunTime:0.000489s ]

[ 2016-05-13T10:37:26+08:00 ] 127.0.0.1 /wxdemo/Admin/Role/index
INFO: [ app_init ] --START--
INFO: Run Behavior\BuildLiteBehavior [ RunTime:0.000031s ]
INFO: [ app_init ] --END-- [ RunTime:0.000710s ]
INFO: [ app_begin ] --START--
INFO: Run Behavior\ReadHtmlCacheBehavior [ RunTime:0.000814s ]
INFO: [ app_begin ] --END-- [ RunTime:0.000965s ]
NOTIC: [2] ini_set() [<a href='function.ini-set'>function.ini-set</a>]: A session is active. You cannot change the session module's ini settings at this time F:\wampcz\www\wxdemo\ThinkPHP\Common\functions.php 第 1245 行.
NOTIC: [8] A session had already been started - ignoring session_start() F:\wampcz\www\wxdemo\ThinkPHP\Common\functions.php 第 1263 行.
SQL: SHOW COLUMNS FROM `wx_rolue` [ RunTime:0.0030s ]
SQL: SELECT * FROM `wx_rolue`  [ RunTime:0.0003s ]
SQL: SHOW COLUMNS FROM `wx_wechat` [ RunTime:0.0029s ]
SQL: SELECT * FROM `wx_wechat` WHERE ( id='1' ) LIMIT 1   [ RunTime:0.0002s ]
SQL: SELECT * FROM `wx_wechat` WHERE ( id='1' ) LIMIT 1   [ RunTime:0.0001s ]
INFO: [ view_parse ] --START--
INFO: [ template_filter ] --START--
INFO: Run Behavior\ContentReplaceBehavior [ RunTime:0.000082s ]
INFO: [ template_filter ] --END-- [ RunTime:0.000167s ]
INFO: Run Behavior\ParseTemplateBehavior [ RunTime:0.007144s ]
INFO: [ view_parse ] --END-- [ RunTime:0.007247s ]
INFO: [ view_filter ] --START--
INFO: Run Behavior\WriteHtmlCacheBehavior [ RunTime:0.000388s ]
INFO: [ view_filter ] --END-- [ RunTime:0.000490s ]
INFO: [ app_end ] --START--
INFO: Run Behavior\ShowPageTraceBehavior [ RunTime:0.000438s ]
INFO: [ app_end ] --END-- [ RunTime:0.000522s ]

[ 2016-05-13T10:37:32+08:00 ] 127.0.0.1 /wxdemo/admin/Index/index
INFO: [ app_init ] --START--
INFO: Run Behavior\BuildLiteBehavior [ RunTime:0.000027s ]
INFO: [ app_init ] --END-- [ RunTime:0.000611s ]
INFO: [ app_begin ] --START--
INFO: Run Behavior\ReadHtmlCacheBehavior [ RunTime:0.000824s ]
INFO: [ app_begin ] --END-- [ RunTime:0.000956s ]
NOTIC: [2] ini_set() [<a href='function.ini-set'>function.ini-set</a>]: A session is active. You cannot change the session module's ini settings at this time F:\wampcz\www\wxdemo\ThinkPHP\Common\functions.php 第 1245 行.
NOTIC: [8] A session had already been started - ignoring session_start() F:\wampcz\www\wxdemo\ThinkPHP\Common\functions.php 第 1263 行.
INFO: [ view_parse ] --START--
INFO: [ template_filter ] --START--
INFO: Run Behavior\ContentReplaceBehavior [ RunTime:0.000134s ]
INFO: [ template_filter ] --END-- [ RunTime:0.000262s ]
INFO: Run Behavior\ParseTemplateBehavior [ RunTime:0.011238s ]
INFO: [ view_parse ] --END-- [ RunTime:0.011363s ]
INFO: [ view_filter ] --START--
INFO: Run Behavior\WriteHtmlCacheBehavior [ RunTime:0.000547s ]
INFO: [ view_filter ] --END-- [ RunTime:0.000658s ]
INFO: [ app_end ] --START--
INFO: Run Behavior\ShowPageTraceBehavior [ RunTime:0.000815s ]
INFO: [ app_end ] --END-- [ RunTime:0.000932s ]

[ 2016-05-13T10:37:32+08:00 ] 127.0.0.1 /wxdemo/admin/WxOthor/welcome
INFO: [ app_init ] --START--
INFO: Run Behavior\BuildLiteBehavior [ RunTime:0.000019s ]
INFO: [ app_init ] --END-- [ RunTime:0.000388s ]
INFO: [ app_begin ] --START--
INFO: Run Behavior\ReadHtmlCacheBehavior [ RunTime:0.000417s ]
INFO: [ app_begin ] --END-- [ RunTime:0.000507s ]
NOTIC: [2] ini_set() [<a href='function.ini-set'>function.ini-set</a>]: A session is active. You cannot change the session module's ini settings at this time F:\wampcz\www\wxdemo\ThinkPHP\Common\functions.php 第 1245 行.
NOTIC: [8] A session had already been started - ignoring session_start() F:\wampcz\www\wxdemo\ThinkPHP\Common\functions.php 第 1263 行.
INFO: [ view_parse ] --START--
INFO: [ template_filter ] --START--
INFO: Run Behavior\ContentReplaceBehavior [ RunTime:0.000073s ]
INFO: [ template_filter ] --END-- [ RunTime:0.000160s ]
INFO: Run Behavior\ParseTemplateBehavior [ RunTime:0.006368s ]
INFO: [ view_parse ] --END-- [ RunTime:0.006469s ]
INFO: [ view_filter ] --START--
INFO: Run Behavior\WriteHtmlCacheBehavior [ RunTime:0.000327s ]
INFO: [ view_filter ] --END-- [ RunTime:0.000399s ]
INFO: [ app_end ] --START--
INFO: Run Behavior\ShowPageTraceBehavior [ RunTime:0.000518s ]
INFO: [ app_end ] --END-- [ RunTime:0.000594s ]

[ 2016-05-13T10:37:47+08:00 ] 127.0.0.1 /wxdemo/Admin/Wechat/index
INFO: [ app_init ] --START--
INFO: Run Behavior\BuildLiteBehavior [ RunTime:0.000036s ]
INFO: [ app_init ] --END-- [ RunTime:0.000848s ]
INFO: [ app_begin ] --START--
INFO: Run Behavior\ReadHtmlCacheBehavior [ RunTime:0.000729s ]
INFO: [ app_begin ] --END-- [ RunTime:0.000882s ]
NOTIC: [2] ini_set() [<a href='function.ini-set'>function.ini-set</a>]: A session is active. You cannot change the session module's ini settings at this time F:\wampcz\www\wxdemo\ThinkPHP\Common\functions.php 第 1245 行.
NOTIC: [8] A session had already been started - ignoring session_start() F:\wampcz\www\wxdemo\ThinkPHP\Common\functions.php 第 1263 行.
SQL: SHOW COLUMNS FROM `wx_wechat` [ RunTime:0.0030s ]
NOTIC: [8] Undefined index: code F:\wampcz\www\wxdemo\Application\Admin\Controller\WechatController.class.php 第 8 行.
SQL: SELECT COUNT(*) AS tp_count FROM `wx_wechat` LIMIT 1   [ RunTime:0.0002s ]
SQL: SELECT * FROM `wx_wechat` ORDER BY id desc LIMIT 0,8   [ RunTime:0.0002s ]
INFO: [ view_parse ] --START--
INFO: [ template_filter ] --START--
INFO: Run Behavior\ContentReplaceBehavior [ RunTime:0.000080s ]
INFO: [ template_filter ] --END-- [ RunTime:0.000155s ]
NOTIC: [8] Uninitialized string offset: 0 F:\wampcz\www\wxdemo\Application\Runtime\Cache\Admin\138883f8411c83891319bcbaf8069345.php 第 34 行.
INFO: Run Behavior\ParseTemplateBehavior [ RunTime:0.007434s ]
INFO: [ view_parse ] --END-- [ RunTime:0.007510s ]
INFO: [ view_filter ] --START--
INFO: Run Behavior\WriteHtmlCacheBehavior [ RunTime:0.000249s ]
INFO: [ view_filter ] --END-- [ RunTime:0.000314s ]
INFO: [ app_end ] --START--
INFO: Run Behavior\ShowPageTraceBehavior [ RunTime:0.000425s ]
INFO: [ app_end ] --END-- [ RunTime:0.000497s ]

[ 2016-05-13T10:37:49+08:00 ] 127.0.0.1 /wxdemo/Admin/Role/index
INFO: [ app_init ] --START--
INFO: Run Behavior\BuildLiteBehavior [ RunTime:0.000032s ]
INFO: [ app_init ] --END-- [ RunTime:0.000696s ]
INFO: [ app_begin ] --START--
INFO: Run Behavior\ReadHtmlCacheBehavior [ RunTime:0.000734s ]
INFO: [ app_begin ] --END-- [ RunTime:0.000876s ]
NOTIC: [2] ini_set() [<a href='function.ini-set'>function.ini-set</a>]: A session is active. You cannot change the session module's ini settings at this time F:\wampcz\www\wxdemo\ThinkPHP\Common\functions.php 第 1245 行.
NOTIC: [8] A session had already been started - ignoring session_start() F:\wampcz\www\wxdemo\ThinkPHP\Common\functions.php 第 1263 行.
SQL: SHOW COLUMNS FROM `wx_rolue` [ RunTime:0.0031s ]
SQL: SELECT * FROM `wx_rolue`  [ RunTime:0.0003s ]
SQL: SHOW COLUMNS FROM `wx_wechat` [ RunTime:0.0027s ]
SQL: SELECT * FROM `wx_wechat` WHERE ( id='1' ) LIMIT 1   [ RunTime:0.0003s ]
SQL: SELECT * FROM `wx_wechat` WHERE ( id='1' ) LIMIT 1   [ RunTime:0.0002s ]
INFO: [ view_parse ] --START--
INFO: [ template_filter ] --START--
INFO: Run Behavior\ContentReplaceBehavior [ RunTime:0.000079s ]
INFO: [ template_filter ] --END-- [ RunTime:0.000160s ]
INFO: Run Behavior\ParseTemplateBehavior [ RunTime:0.007329s ]
INFO: [ view_parse ] --END-- [ RunTime:0.007449s ]
INFO: [ view_filter ] --START--
INFO: Run Behavior\WriteHtmlCacheBehavior [ RunTime:0.000253s ]
INFO: [ view_filter ] --END-- [ RunTime:0.000329s ]
INFO: [ app_end ] --START--
INFO: Run Behavior\ShowPageTraceBehavior [ RunTime:0.000489s ]
INFO: [ app_end ] --END-- [ RunTime:0.000565s ]

[ 2016-05-13T10:37:49+08:00 ] 127.0.0.1 /wxdemo/Admin/Menue/index
INFO: [ app_init ] --START--
INFO: Run Behavior\BuildLiteBehavior [ RunTime:0.000034s ]
INFO: [ app_init ] --END-- [ RunTime:0.000731s ]
INFO: [ app_begin ] --START--
INFO: Run Behavior\ReadHtmlCacheBehavior [ RunTime:0.000795s ]
INFO: [ app_begin ] --END-- [ RunTime:0.000943s ]
NOTIC: [2] ini_set() [<a href='function.ini-set'>function.ini-set</a>]: A session is active. You cannot change the session module's ini settings at this time F:\wampcz\www\wxdemo\ThinkPHP\Common\functions.php 第 1245 行.
NOTIC: [8] A session had already been started - ignoring session_start() F:\wampcz\www\wxdemo\ThinkPHP\Common\functions.php 第 1263 行.
SQL: select count(DISTINCT menu_cate) as count FROM wx_hmenu [ RunTime:0.0004s ]
SQL: select DISTINCT  menu_cate as menu_name,id,creat_name FROM wx_hmenu GROUP BY menu_cate [ RunTime:0.0003s ]
INFO: [ view_parse ] --START--
INFO: [ template_filter ] --START--
INFO: Run Behavior\ContentReplaceBehavior [ RunTime:0.000083s ]
INFO: [ template_filter ] --END-- [ RunTime:0.000170s ]
INFO: Run Behavior\ParseTemplateBehavior [ RunTime:0.007259s ]
INFO: [ view_parse ] --END-- [ RunTime:0.007343s ]
INFO: [ view_filter ] --START--
INFO: Run Behavior\WriteHtmlCacheBehavior [ RunTime:0.000243s ]
INFO: [ view_filter ] --END-- [ RunTime:0.000312s ]
INFO: [ app_end ] --START--
INFO: Run Behavior\ShowPageTraceBehavior [ RunTime:0.000569s ]
INFO: [ app_end ] --END-- [ RunTime:0.000673s ]

[ 2016-05-13T10:37:50+08:00 ] 127.0.0.1 /wxdemo/Admin/AdminUser/index
INFO: [ app_init ] --START--
INFO: Run Behavior\BuildLiteBehavior [ RunTime:0.000034s ]
INFO: [ app_init ] --END-- [ RunTime:0.000729s ]
INFO: [ app_begin ] --START--
INFO: Run Behavior\ReadHtmlCacheBehavior [ RunTime:0.000748s ]
INFO: [ app_begin ] --END-- [ RunTime:0.000899s ]
NOTIC: [2] ini_set() [<a href='function.ini-set'>function.ini-set</a>]: A session is active. You cannot change the session module's ini settings at this time F:\wampcz\www\wxdemo\ThinkPHP\Common\functions.php 第 1245 行.
NOTIC: [8] A session had already been started - ignoring session_start() F:\wampcz\www\wxdemo\ThinkPHP\Common\functions.php 第 1263 行.
SQL: SHOW COLUMNS FROM `wx_adminuser` [ RunTime:0.0494s ]
NOTIC: [8] Undefined index: code F:\wampcz\www\wxdemo\Application\Admin\Controller\AdminUserController.class.php 第 9 行.
SQL: SELECT COUNT(*) AS tp_count FROM `wx_adminuser` WHERE `state` = '1' LIMIT 1   [ RunTime:0.0006s ]
SQL: SELECT * FROM `wx_adminuser` WHERE `state` = '1' ORDER BY id desc LIMIT 0,8   [ RunTime:0.0009s ]
SQL: SHOW COLUMNS FROM `wx_rolue` [ RunTime:0.0092s ]
SQL: SELECT `id`,`name` FROM `wx_rolue` WHERE ( id='8' ) LIMIT 1   [ RunTime:0.0007s ]
SQL: SELECT `id`,`name` FROM `wx_rolue` WHERE ( id='7' ) LIMIT 1   [ RunTime:0.0006s ]
INFO: [ view_parse ] --START--
INFO: [ template_filter ] --START--
INFO: Run Behavior\ContentReplaceBehavior [ RunTime:0.000160s ]
INFO: [ template_filter ] --END-- [ RunTime:0.000356s ]
INFO: Run Behavior\ParseTemplateBehavior [ RunTime:0.022249s ]
INFO: [ view_parse ] --END-- [ RunTime:0.022452s ]
INFO: [ view_filter ] --START--
INFO: Run Behavior\WriteHtmlCacheBehavior [ RunTime:0.000499s ]
INFO: [ view_filter ] --END-- [ RunTime:0.000629s ]
INFO: [ app_end ] --START--
INFO: Run Behavior\ShowPageTraceBehavior [ RunTime:0.000798s ]
INFO: [ app_end ] --END-- [ RunTime:0.000934s ]

[ 2016-05-13T10:37:51+08:00 ] 127.0.0.1 /wxdemo/Admin/AdminUser/add
INFO: [ app_init ] --START--
INFO: Run Behavior\BuildLiteBehavior [ RunTime:0.000035s ]
INFO: [ app_init ] --END-- [ RunTime:0.000692s ]
INFO: [ app_begin ] --START--
INFO: Run Behavior\ReadHtmlCacheBehavior [ RunTime:0.000778s ]
INFO: [ app_begin ] --END-- [ RunTime:0.000935s ]
NOTIC: [2] ini_set() [<a href='function.ini-set'>function.ini-set</a>]: A session is active. You cannot change the session module's ini settings at this time F:\wampcz\www\wxdemo\ThinkPHP\Common\functions.php 第 1245 行.
NOTIC: [8] A session had already been started - ignoring session_start() F:\wampcz\www\wxdemo\ThinkPHP\Common\functions.php 第 1263 行.
SQL: SHOW COLUMNS FROM `wx_rolue` [ RunTime:0.0037s ]
SQL: SELECT `id`,`name` FROM `wx_rolue`  [ RunTime:0.0003s ]
INFO: [ view_parse ] --START--
INFO: [ template_filter ] --START--
INFO: Run Behavior\ContentReplaceBehavior [ RunTime:0.000081s ]
INFO: [ template_filter ] --END-- [ RunTime:0.000166s ]
INFO: Run Behavior\ParseTemplateBehavior [ RunTime:0.007154s ]
INFO: [ view_parse ] --END-- [ RunTime:0.007249s ]
INFO: [ view_filter ] --START--
INFO: Run Behavior\WriteHtmlCacheBehavior [ RunTime:0.000326s ]
INFO: [ view_filter ] --END-- [ RunTime:0.000401s ]
INFO: [ app_end ] --START--
INFO: Run Behavior\ShowPageTraceBehavior [ RunTime:0.000437s ]
INFO: [ app_end ] --END-- [ RunTime:0.000521s ]

[ 2016-05-13T10:37:51+08:00 ] 127.0.0.1 /wxdemo/Admin/AdminUser/
INFO: [ app_init ] --START--
INFO: Run Behavior\BuildLiteBehavior [ RunTime:0.000019s ]
INFO: [ app_init ] --END-- [ RunTime:0.000462s ]
INFO: [ app_begin ] --START--
INFO: Run Behavior\ReadHtmlCacheBehavior [ RunTime:0.000382s ]
INFO: [ app_begin ] --END-- [ RunTime:0.000460s ]
NOTIC: [2] ini_set() [<a href='function.ini-set'>function.ini-set</a>]: A session is active. You cannot change the session module's ini settings at this time F:\wampcz\www\wxdemo\ThinkPHP\Common\functions.php 第 1245 行.
NOTIC: [8] A session had already been started - ignoring session_start() F:\wampcz\www\wxdemo\ThinkPHP\Common\functions.php 第 1263 行.
SQL: SHOW COLUMNS FROM `wx_adminuser` [ RunTime:0.0026s ]
NOTIC: [8] Undefined index: code F:\wampcz\www\wxdemo\Application\Admin\Controller\AdminUserController.class.php 第 9 行.
SQL: SELECT COUNT(*) AS tp_count FROM `wx_adminuser` WHERE `state` = '1' LIMIT 1   [ RunTime:0.0002s ]
SQL: SELECT * FROM `wx_adminuser` WHERE `state` = '1' ORDER BY id desc LIMIT 0,8   [ RunTime:0.0003s ]
SQL: SHOW COLUMNS FROM `wx_rolue` [ RunTime:0.0028s ]
SQL: SELECT `id`,`name` FROM `wx_rolue` WHERE ( id='8' ) LIMIT 1   [ RunTime:0.0002s ]
SQL: SELECT `id`,`name` FROM `wx_rolue` WHERE ( id='7' ) LIMIT 1   [ RunTime:0.0001s ]
INFO: [ view_parse ] --START--
INFO: [ template_filter ] --START--
INFO: Run Behavior\ContentReplaceBehavior [ RunTime:0.000089s ]
INFO: [ template_filter ] --END-- [ RunTime:0.000171s ]
INFO: Run Behavior\ParseTemplateBehavior [ RunTime:0.008875s ]
INFO: [ view_parse ] --END-- [ RunTime:0.008959s ]
INFO: [ view_filter ] --START--
INFO: Run Behavior\WriteHtmlCacheBehavior [ RunTime:0.000308s ]
INFO: [ view_filter ] --END-- [ RunTime:0.000385s ]
INFO: [ app_end ] --START--
INFO: Run Behavior\ShowPageTraceBehavior [ RunTime:0.000483s ]
INFO: [ app_end ] --END-- [ RunTime:0.000555s ]

[ 2016-05-13T10:38:55+08:00 ] 127.0.0.1 /wxdemo/Admin/AdminUser/add
INFO: [ app_init ] --START--
INFO: Run Behavior\BuildLiteBehavior [ RunTime:0.000050s ]
INFO: [ app_init ] --END-- [ RunTime:0.000721s ]
INFO: [ app_begin ] --START--
INFO: Run Behavior\ReadHtmlCacheBehavior [ RunTime:0.001043s ]
INFO: [ app_begin ] --END-- [ RunTime:0.001516s ]
NOTIC: [2] ini_set() [<a href='function.ini-set'>function.ini-set</a>]: A session is active. You cannot change the session module's ini settings at this time F:\wampcz\www\wxdemo\ThinkPHP\Common\functions.php 第 1245 行.
NOTIC: [8] A session had already been started - ignoring session_start() F:\wampcz\www\wxdemo\ThinkPHP\Common\functions.php 第 1263 行.
SQL: SHOW COLUMNS FROM `wx_rolue` [ RunTime:0.0038s ]
SQL: SELECT `id`,`name` FROM `wx_rolue`  [ RunTime:0.0003s ]
INFO: [ view_parse ] --START--
INFO: [ template_filter ] --START--
INFO: Run Behavior\ContentReplaceBehavior [ RunTime:0.000077s ]
INFO: [ template_filter ] --END-- [ RunTime:0.000176s ]
INFO: Run Behavior\ParseTemplateBehavior [ RunTime:0.006769s ]
INFO: [ view_parse ] --END-- [ RunTime:0.006856s ]
INFO: [ view_filter ] --START--
INFO: Run Behavior\WriteHtmlCacheBehavior [ RunTime:0.000231s ]
INFO: [ view_filter ] --END-- [ RunTime:0.000330s ]
INFO: [ app_end ] --START--
INFO: Run Behavior\ShowPageTraceBehavior [ RunTime:0.000532s ]
INFO: [ app_end ] --END-- [ RunTime:0.000606s ]

[ 2016-05-13T10:38:55+08:00 ] 127.0.0.1 /wxdemo/Admin/AdminUser/
INFO: [ app_init ] --START--
INFO: Run Behavior\BuildLiteBehavior [ RunTime:0.000020s ]
INFO: [ app_init ] --END-- [ RunTime:0.000353s ]
INFO: [ app_begin ] --START--
INFO: Run Behavior\ReadHtmlCacheBehavior [ RunTime:0.000405s ]
INFO: [ app_begin ] --END-- [ RunTime:0.000487s ]
NOTIC: [2] ini_set() [<a href='function.ini-set'>function.ini-set</a>]: A session is active. You cannot change the session module's ini settings at this time F:\wampcz\www\wxdemo\ThinkPHP\Common\functions.php 第 1245 行.
NOTIC: [8] A session had already been started - ignoring session_start() F:\wampcz\www\wxdemo\ThinkPHP\Common\functions.php 第 1263 行.
SQL: SHOW COLUMNS FROM `wx_adminuser` [ RunTime:0.0032s ]
NOTIC: [8] Undefined index: code F:\wampcz\www\wxdemo\Application\Admin\Controller\AdminUserController.class.php 第 9 行.
SQL: SELECT COUNT(*) AS tp_count FROM `wx_adminuser` WHERE `state` = '1' LIMIT 1   [ RunTime:0.0002s ]
SQL: SELECT * FROM `wx_adminuser` WHERE `state` = '1' ORDER BY id desc LIMIT 0,8   [ RunTime:0.0002s ]
SQL: SHOW COLUMNS FROM `wx_rolue` [ RunTime:0.0025s ]
SQL: SELECT `id`,`name` FROM `wx_rolue` WHERE ( id='8' ) LIMIT 1   [ RunTime:0.0002s ]
SQL: SELECT `id`,`name` FROM `wx_rolue` WHERE ( id='7' ) LIMIT 1   [ RunTime:0.0001s ]
INFO: [ view_parse ] --START--
INFO: [ template_filter ] --START--
INFO: Run Behavior\ContentReplaceBehavior [ RunTime:0.000097s ]
INFO: [ template_filter ] --END-- [ RunTime:0.000195s ]
INFO: Run Behavior\ParseTemplateBehavior [ RunTime:0.009629s ]
INFO: [ view_parse ] --END-- [ RunTime:0.009749s ]
INFO: [ view_filter ] --START--
INFO: Run Behavior\WriteHtmlCacheBehavior [ RunTime:0.000313s ]
INFO: [ view_filter ] --END-- [ RunTime:0.000385s ]
INFO: [ app_end ] --START--
INFO: Run Behavior\ShowPageTraceBehavior [ RunTime:0.000481s ]
INFO: [ app_end ] --END-- [ RunTime:0.000560s ]

[ 2016-05-13T10:38:57+08:00 ] 127.0.0.1 /wxdemo/Admin/AdminUser/img.html
INFO: [ app_init ] --START--
INFO: Run Behavior\BuildLiteBehavior [ RunTime:0.000018s ]
INFO: [ app_init ] --END-- [ RunTime:0.000343s ]
INFO: [ app_begin ] --START--
INFO: Run Behavior\ReadHtmlCacheBehavior [ RunTime:0.000373s ]
INFO: [ app_begin ] --END-- [ RunTime:0.000455s ]
NOTIC: [2] ini_set() [<a href='function.ini-set'>function.ini-set</a>]: A session is active. You cannot change the session module's ini settings at this time F:\wampcz\www\wxdemo\ThinkPHP\Common\functions.php 第 1245 行.
NOTIC: [8] A session had already been started - ignoring session_start() F:\wampcz\www\wxdemo\ThinkPHP\Common\functions.php 第 1263 行.
NOTIC: [2] call_user_func() expects parameter 1 to be a valid callback, no array or string given F:\wampcz\www\wxdemo\ThinkPHP\Library\Think\Upload.class.php 第 170 行.
NOTIC: [8] Use of undefined constant state - assumed 'state' F:\wampcz\www\wxdemo\Application\Admin\Common\UploadController.class.php 第 22 行.
NOTIC: [8] Use of undefined constant url - assumed 'url' F:\wampcz\www\wxdemo\Application\Admin\Common\UploadController.class.php 第 23 行.

[ 2016-05-13T16:20:18+08:00 ] 127.0.0.1 /wxdemo/admin/Index/index
INFO: [ app_init ] --START--
INFO: Run Behavior\BuildLiteBehavior [ RunTime:0.000022s ]
INFO: [ app_init ] --END-- [ RunTime:0.000445s ]
INFO: [ app_begin ] --START--
INFO: Run Behavior\ReadHtmlCacheBehavior [ RunTime:0.000623s ]
INFO: [ app_begin ] --END-- [ RunTime:0.000713s ]
NOTIC: [2] ini_set() [<a href='function.ini-set'>function.ini-set</a>]: A session is active. You cannot change the session module's ini settings at this time F:\wampcz\www\wxdemo\ThinkPHP\Common\functions.php 第 1245 行.
NOTIC: [8] A session had already been started - ignoring session_start() F:\wampcz\www\wxdemo\ThinkPHP\Common\functions.php 第 1263 行.
INFO: [ view_parse ] --START--
INFO: [ template_filter ] --START--
INFO: Run Behavior\ContentReplaceBehavior [ RunTime:0.000094s ]
INFO: [ template_filter ] --END-- [ RunTime:0.000181s ]
INFO: Run Behavior\ParseTemplateBehavior [ RunTime:0.008224s ]
INFO: [ view_parse ] --END-- [ RunTime:0.008312s ]
INFO: [ view_filter ] --START--
INFO: Run Behavior\WriteHtmlCacheBehavior [ RunTime:0.000490s ]
INFO: [ view_filter ] --END-- [ RunTime:0.000569s ]
INFO: [ app_end ] --START--
INFO: Run Behavior\ShowPageTraceBehavior [ RunTime:0.000669s ]
INFO: [ app_end ] --END-- [ RunTime:0.000748s ]

[ 2016-05-13T16:20:18+08:00 ] 127.0.0.1 /wxdemo/admin/WxOthor/welcome
INFO: [ app_init ] --START--
INFO: Run Behavior\BuildLiteBehavior [ RunTime:0.000020s ]
INFO: [ app_init ] --END-- [ RunTime:0.000425s ]
INFO: [ app_begin ] --START--
INFO: Run Behavior\ReadHtmlCacheBehavior [ RunTime:0.000562s ]
INFO: [ app_begin ] --END-- [ RunTime:0.000645s ]
NOTIC: [2] ini_set() [<a href='function.ini-set'>function.ini-set</a>]: A session is active. You cannot change the session module's ini settings at this time F:\wampcz\www\wxdemo\ThinkPHP\Common\functions.php 第 1245 行.
NOTIC: [8] A session had already been started - ignoring session_start() F:\wampcz\www\wxdemo\ThinkPHP\Common\functions.php 第 1263 行.
INFO: [ view_parse ] --START--
INFO: [ template_filter ] --START--
INFO: Run Behavior\ContentReplaceBehavior [ RunTime:0.000080s ]
INFO: [ template_filter ] --END-- [ RunTime:0.000191s ]
INFO: Run Behavior\ParseTemplateBehavior [ RunTime:0.006841s ]
INFO: [ view_parse ] --END-- [ RunTime:0.006970s ]
INFO: [ view_filter ] --START--
INFO: Run Behavior\WriteHtmlCacheBehavior [ RunTime:0.000513s ]
INFO: [ view_filter ] --END-- [ RunTime:0.000589s ]
INFO: [ app_end ] --START--
INFO: Run Behavior\ShowPageTraceBehavior [ RunTime:0.000645s ]
INFO: [ app_end ] --END-- [ RunTime:0.000719s ]

[ 2016-05-13T16:20:23+08:00 ] 127.0.0.1 /wxdemo/Admin/Wechat/index
INFO: [ app_init ] --START--
INFO: Run Behavior\BuildLiteBehavior [ RunTime:0.000024s ]
INFO: [ app_init ] --END-- [ RunTime:0.000463s ]
INFO: [ app_begin ] --START--
INFO: Run Behavior\ReadHtmlCacheBehavior [ RunTime:0.000643s ]
INFO: [ app_begin ] --END-- [ RunTime:0.000744s ]
NOTIC: [2] ini_set() [<a href='function.ini-set'>function.ini-set</a>]: A session is active. You cannot change the session module's ini settings at this time F:\wampcz\www\wxdemo\ThinkPHP\Common\functions.php 第 1245 行.
NOTIC: [8] A session had already been started - ignoring session_start() F:\wampcz\www\wxdemo\ThinkPHP\Common\functions.php 第 1263 行.
SQL: SHOW COLUMNS FROM `wx_wechat` [ RunTime:0.0034s ]
NOTIC: [8] Undefined index: code F:\wampcz\www\wxdemo\Application\Admin\Controller\WechatController.class.php 第 8 行.
SQL: SELECT COUNT(*) AS tp_count FROM `wx_wechat` LIMIT 1   [ RunTime:0.0003s ]
SQL: SELECT * FROM `wx_wechat` ORDER BY id desc LIMIT 0,8   [ RunTime:0.0003s ]
INFO: [ view_parse ] --START--
INFO: [ template_filter ] --START--
INFO: Run Behavior\ContentReplaceBehavior [ RunTime:0.000080s ]
INFO: [ template_filter ] --END-- [ RunTime:0.000160s ]
NOTIC: [8] Uninitialized string offset: 0 F:\wampcz\www\wxdemo\Application\Runtime\Cache\Admin\138883f8411c83891319bcbaf8069345.php 第 34 行.
INFO: Run Behavior\ParseTemplateBehavior [ RunTime:0.009007s ]
INFO: [ view_parse ] --END-- [ RunTime:0.009112s ]
INFO: [ view_filter ] --START--
INFO: Run Behavior\WriteHtmlCacheBehavior [ RunTime:0.000446s ]
INFO: [ view_filter ] --END-- [ RunTime:0.000519s ]
INFO: [ app_end ] --START--
INFO: Run Behavior\ShowPageTraceBehavior [ RunTime:0.000674s ]
INFO: [ app_end ] --END-- [ RunTime:0.000767s ]

[ 2016-05-13T16:20:33+08:00 ] 127.0.0.1 /wxdemo/Admin/Role/index
INFO: [ app_init ] --START--
INFO: Run Behavior\BuildLiteBehavior [ RunTime:0.000020s ]
INFO: [ app_init ] --END-- [ RunTime:0.000377s ]
INFO: [ app_begin ] --START--
INFO: Run Behavior\ReadHtmlCacheBehavior [ RunTime:0.000439s ]
INFO: [ app_begin ] --END-- [ RunTime:0.000519s ]
NOTIC: [2] ini_set() [<a href='function.ini-set'>function.ini-set</a>]: A session is active. You cannot change the session module's ini settings at this time F:\wampcz\www\wxdemo\ThinkPHP\Common\functions.php 第 1245 行.
NOTIC: [8] A session had already been started - ignoring session_start() F:\wampcz\www\wxdemo\ThinkPHP\Common\functions.php 第 1263 行.
SQL: SHOW COLUMNS FROM `wx_rolue` [ RunTime:0.0031s ]
SQL: SELECT * FROM `wx_rolue`  [ RunTime:0.0003s ]
SQL: SHOW COLUMNS FROM `wx_wechat` [ RunTime:0.0028s ]
SQL: SELECT * FROM `wx_wechat` WHERE ( id='1' ) LIMIT 1   [ RunTime:0.0002s ]
SQL: SELECT * FROM `wx_wechat` WHERE ( id='1' ) LIMIT 1   [ RunTime:0.0002s ]
INFO: [ view_parse ] --START--
INFO: [ template_filter ] --START--
INFO: Run Behavior\ContentReplaceBehavior [ RunTime:0.000079s ]
INFO: [ template_filter ] --END-- [ RunTime:0.000165s ]
INFO: Run Behavior\ParseTemplateBehavior [ RunTime:0.007516s ]
INFO: [ view_parse ] --END-- [ RunTime:0.007599s ]
INFO: [ view_filter ] --START--
INFO: Run Behavior\WriteHtmlCacheBehavior [ RunTime:0.000389s ]
INFO: [ view_filter ] --END-- [ RunTime:0.000462s ]
INFO: [ app_end ] --START--
INFO: Run Behavior\ShowPageTraceBehavior [ RunTime:0.000542s ]
INFO: [ app_end ] --END-- [ RunTime:0.000613s ]

[ 2016-05-13T16:20:34+08:00 ] 127.0.0.1 /wxdemo/Admin/Menue/index
INFO: [ app_init ] --START--
INFO: Run Behavior\BuildLiteBehavior [ RunTime:0.000038s ]
INFO: [ app_init ] --END-- [ RunTime:0.000699s ]
INFO: [ app_begin ] --START--
INFO: Run Behavior\ReadHtmlCacheBehavior [ RunTime:0.000798s ]
INFO: [ app_begin ] --END-- [ RunTime:0.000931s ]
NOTIC: [2] ini_set() [<a href='function.ini-set'>function.ini-set</a>]: A session is active. You cannot change the session module's ini settings at this time F:\wampcz\www\wxdemo\ThinkPHP\Common\functions.php 第 1245 行.
NOTIC: [8] A session had already been started - ignoring session_start() F:\wampcz\www\wxdemo\ThinkPHP\Common\functions.php 第 1263 行.
SQL: select count(DISTINCT menu_cate) as count FROM wx_hmenu [ RunTime:0.0004s ]
SQL: select DISTINCT  menu_cate as menu_name,id,creat_name FROM wx_hmenu GROUP BY menu_cate [ RunTime:0.0003s ]
INFO: [ view_parse ] --START--
INFO: [ template_filter ] --START--
INFO: Run Behavior\ContentReplaceBehavior [ RunTime:0.000077s ]
INFO: [ template_filter ] --END-- [ RunTime:0.000154s ]
INFO: Run Behavior\ParseTemplateBehavior [ RunTime:0.007182s ]
INFO: [ view_parse ] --END-- [ RunTime:0.007294s ]
INFO: [ view_filter ] --START--
INFO: Run Behavior\WriteHtmlCacheBehavior [ RunTime:0.000234s ]
INFO: [ view_filter ] --END-- [ RunTime:0.000306s ]
INFO: [ app_end ] --START--
INFO: Run Behavior\ShowPageTraceBehavior [ RunTime:0.000407s ]
INFO: [ app_end ] --END-- [ RunTime:0.000477s ]

[ 2016-05-13T16:20:35+08:00 ] 127.0.0.1 /wxdemo/Admin/Menue/add
INFO: [ app_init ] --START--
INFO: Run Behavior\BuildLiteBehavior [ RunTime:0.000031s ]
INFO: [ app_init ] --END-- [ RunTime:0.000512s ]
INFO: [ app_begin ] --START--
INFO: Run Behavior\ReadHtmlCacheBehavior [ RunTime:0.000589s ]
INFO: [ app_begin ] --END-- [ RunTime:0.000697s ]
NOTIC: [2] ini_set() [<a href='function.ini-set'>function.ini-set</a>]: A session is active. You cannot change the session module's ini settings at this time F:\wampcz\www\wxdemo\ThinkPHP\Common\functions.php 第 1245 行.
NOTIC: [8] A session had already been started - ignoring session_start() F:\wampcz\www\wxdemo\ThinkPHP\Common\functions.php 第 1263 行.
INFO: [ view_parse ] --START--
INFO: [ template_filter ] --START--
INFO: Run Behavior\ContentReplaceBehavior [ RunTime:0.000096s ]
INFO: [ template_filter ] --END-- [ RunTime:0.000215s ]
INFO: Run Behavior\ParseTemplateBehavior [ RunTime:0.018144s ]
INFO: [ view_parse ] --END-- [ RunTime:0.018275s ]
INFO: [ view_filter ] --START--
INFO: Run Behavior\WriteHtmlCacheBehavior [ RunTime:0.000321s ]
INFO: [ view_filter ] --END-- [ RunTime:0.000421s ]
INFO: [ app_end ] --START--
INFO: Run Behavior\ShowPageTraceBehavior [ RunTime:0.000455s ]
INFO: [ app_end ] --END-- [ RunTime:0.000535s ]

[ 2016-05-13T16:21:00+08:00 ] 127.0.0.1 /wxdemo/Admin/Role/index
INFO: [ app_init ] --START--
INFO: Run Behavior\BuildLiteBehavior [ RunTime:0.000042s ]
INFO: [ app_init ] --END-- [ RunTime:0.000480s ]
INFO: [ app_begin ] --START--
INFO: Run Behavior\ReadHtmlCacheBehavior [ RunTime:0.000411s ]
INFO: [ app_begin ] --END-- [ RunTime:0.000484s ]
NOTIC: [2] ini_set() [<a href='function.ini-set'>function.ini-set</a>]: A session is active. You cannot change the session module's ini settings at this time F:\wampcz\www\wxdemo\ThinkPHP\Common\functions.php 第 1245 行.
NOTIC: [8] A session had already been started - ignoring session_start() F:\wampcz\www\wxdemo\ThinkPHP\Common\functions.php 第 1263 行.
SQL: SHOW COLUMNS FROM `wx_rolue` [ RunTime:0.0030s ]
SQL: SELECT * FROM `wx_rolue`  [ RunTime:0.0003s ]
SQL: SHOW COLUMNS FROM `wx_wechat` [ RunTime:0.0028s ]
SQL: SELECT * FROM `wx_wechat` WHERE ( id='1' ) LIMIT 1   [ RunTime:0.0003s ]
SQL: SELECT * FROM `wx_wechat` WHERE ( id='1' ) LIMIT 1   [ RunTime:0.0002s ]
INFO: [ view_parse ] --START--
INFO: [ template_filter ] --START--
INFO: Run Behavior\ContentReplaceBehavior [ RunTime:0.000077s ]
INFO: [ template_filter ] --END-- [ RunTime:0.000186s ]
INFO: Run Behavior\ParseTemplateBehavior [ RunTime:0.007289s ]
INFO: [ view_parse ] --END-- [ RunTime:0.007408s ]
INFO: [ view_filter ] --START--
INFO: Run Behavior\WriteHtmlCacheBehavior [ RunTime:0.000294s ]
INFO: [ view_filter ] --END-- [ RunTime:0.000381s ]
INFO: [ app_end ] --START--
INFO: Run Behavior\ShowPageTraceBehavior [ RunTime:0.000566s ]
INFO: [ app_end ] --END-- [ RunTime:0.000637s ]

[ 2016-05-13T16:21:01+08:00 ] 127.0.0.1 /wxdemo/Admin/Role/add
INFO: [ app_init ] --START--
INFO: Run Behavior\BuildLiteBehavior [ RunTime:0.000028s ]
INFO: [ app_init ] --END-- [ RunTime:0.000481s ]
INFO: [ app_begin ] --START--
INFO: Run Behavior\ReadHtmlCacheBehavior [ RunTime:0.000581s ]
INFO: [ app_begin ] --END-- [ RunTime:0.000688s ]
NOTIC: [2] ini_set() [<a href='function.ini-set'>function.ini-set</a>]: A session is active. You cannot change the session module's ini settings at this time F:\wampcz\www\wxdemo\ThinkPHP\Common\functions.php 第 1245 行.
NOTIC: [8] A session had already been started - ignoring session_start() F:\wampcz\www\wxdemo\ThinkPHP\Common\functions.php 第 1263 行.
SQL: SHOW COLUMNS FROM `wx_wechat` [ RunTime:0.0030s ]
SQL: SELECT * FROM `wx_wechat`  [ RunTime:0.0002s ]
SQL: SHOW COLUMNS FROM `wx_hmenu` [ RunTime:0.0101s ]
SQL: SELECT DISTINCT  `menu_cate` FROM `wx_hmenu`  [ RunTime:0.0003s ]
SQL: SELECT DISTINCT  `menu_tite`,`titel_code`,`z_fkid` FROM `wx_hmenu` WHERE ( menu_cate='消息管理' )  [ RunTime:0.0004s ]
SQL: SELECT * FROM `wx_hmenu` WHERE ( f_fkid='{AB126B44-CEB6-416A-B2DA-1F7F5F57083C}' )  [ RunTime:0.0002s ]
SQL: SELECT * FROM `wx_hmenu` WHERE ( f_fkid='{C65600E0-F56F-42AA-8A90-6832C6410862}' )  [ RunTime:0.0089s ]
SQL: SELECT * FROM `wx_hmenu` WHERE ( f_fkid='{6B6BDC28-F01D-4F04-AD13-23CCAAE2007F}' )  [ RunTime:0.0004s ]
SQL: SELECT * FROM `wx_hmenu` WHERE ( f_fkid='{CC19F0D3-55E5-4A93-928D-762F82F18A17}' )  [ RunTime:0.0003s ]
SQL: SELECT * FROM `wx_hmenu` WHERE ( f_fkid='{AE3EE143-BBAC-4A73-AEA3-FD7F67A25D65}' )  [ RunTime:0.0002s ]
SQL: SELECT * FROM `wx_hmenu` WHERE ( f_fkid='{3685DD50-5ABD-41FE-B793-FCD5B6F8F91B}' )  [ RunTime:0.0002s ]
SQL: SELECT DISTINCT  `menu_tite`,`titel_code`,`z_fkid` FROM `wx_hmenu` WHERE ( menu_cate='基本设置' )  [ RunTime:0.0003s ]
SQL: SELECT * FROM `wx_hmenu` WHERE ( f_fkid='{B81D0C98-759F-483C-9615-2756A7BD7FCC}' )  [ RunTime:0.0003s ]
INFO: [ view_parse ] --START--
INFO: [ template_filter ] --START--
INFO: Run Behavior\ContentReplaceBehavior [ RunTime:0.000094s ]
INFO: [ template_filter ] --END-- [ RunTime:0.000190s ]
INFO: Run Behavior\ParseTemplateBehavior [ RunTime:0.025736s ]
INFO: [ view_parse ] --END-- [ RunTime:0.025821s ]
INFO: [ view_filter ] --START--
INFO: Run Behavior\WriteHtmlCacheBehavior [ RunTime:0.000230s ]
INFO: [ view_filter ] --END-- [ RunTime:0.000341s ]
INFO: [ app_end ] --START--
INFO: Run Behavior\ShowPageTraceBehavior [ RunTime:0.000399s ]
INFO: [ app_end ] --END-- [ RunTime:0.000468s ]

[ 2016-05-13T16:21:12+08:00 ] 127.0.0.1 /wxdemo/Admin/AdminUser/index
INFO: [ app_init ] --START--
INFO: Run Behavior\BuildLiteBehavior [ RunTime:0.000071s ]
INFO: [ app_init ] --END-- [ RunTime:0.000602s ]
INFO: [ app_begin ] --START--
INFO: Run Behavior\ReadHtmlCacheBehavior [ RunTime:0.000655s ]
INFO: [ app_begin ] --END-- [ RunTime:0.000792s ]
NOTIC: [2] ini_set() [<a href='function.ini-set'>function.ini-set</a>]: A session is active. You cannot change the session module's ini settings at this time F:\wampcz\www\wxdemo\ThinkPHP\Common\functions.php 第 1245 行.
NOTIC: [8] A session had already been started - ignoring session_start() F:\wampcz\www\wxdemo\ThinkPHP\Common\functions.php 第 1263 行.
SQL: SHOW COLUMNS FROM `wx_adminuser` [ RunTime:0.0101s ]
NOTIC: [8] Undefined index: code F:\wampcz\www\wxdemo\Application\Admin\Controller\AdminUserController.class.php 第 9 行.
SQL: SELECT COUNT(*) AS tp_count FROM `wx_adminuser` WHERE `state` = '1' LIMIT 1   [ RunTime:0.0004s ]
SQL: SELECT * FROM `wx_adminuser` WHERE `state` = '1' ORDER BY id desc LIMIT 0,8   [ RunTime:0.0003s ]
SQL: SHOW COLUMNS FROM `wx_rolue` [ RunTime:0.0031s ]
SQL: SELECT `id`,`name` FROM `wx_rolue` WHERE ( id='8' ) LIMIT 1   [ RunTime:0.0002s ]
SQL: SELECT `id`,`name` FROM `wx_rolue` WHERE ( id='7' ) LIMIT 1   [ RunTime:0.0003s ]
INFO: [ view_parse ] --START--
INFO: [ template_filter ] --START--
INFO: Run Behavior\ContentReplaceBehavior [ RunTime:0.000095s ]
INFO: [ template_filter ] --END-- [ RunTime:0.000187s ]
INFO: Run Behavior\ParseTemplateBehavior [ RunTime:0.009188s ]
INFO: [ view_parse ] --END-- [ RunTime:0.009296s ]
INFO: [ view_filter ] --START--
INFO: Run Behavior\WriteHtmlCacheBehavior [ RunTime:0.000367s ]
INFO: [ view_filter ] --END-- [ RunTime:0.000445s ]
INFO: [ app_end ] --START--
INFO: Run Behavior\ShowPageTraceBehavior [ RunTime:0.000517s ]
INFO: [ app_end ] --END-- [ RunTime:0.000591s ]

[ 2016-05-13T16:21:19+08:00 ] 127.0.0.1 /wxdemo/Admin/Baob/index
INFO: [ app_init ] --START--
INFO: Run Behavior\BuildLiteBehavior [ RunTime:0.000039s ]
INFO: [ app_init ] --END-- [ RunTime:0.000768s ]
INFO: [ app_begin ] --START--
INFO: Run Behavior\ReadHtmlCacheBehavior [ RunTime:0.000866s ]
INFO: [ app_begin ] --END-- [ RunTime:0.001027s ]
NOTIC: [2] ini_set() [<a href='function.ini-set'>function.ini-set</a>]: A session is active. You cannot change the session module's ini settings at this time F:\wampcz\www\wxdemo\ThinkPHP\Common\functions.php 第 1245 行.
NOTIC: [8] A session had already been started - ignoring session_start() F:\wampcz\www\wxdemo\ThinkPHP\Common\functions.php 第 1263 行.
INFO: [ view_parse ] --START--
INFO: [ template_filter ] --START--
INFO: Run Behavior\ContentReplaceBehavior [ RunTime:0.000068s ]
INFO: [ template_filter ] --END-- [ RunTime:0.000160s ]
INFO: Run Behavior\ParseTemplateBehavior [ RunTime:0.016066s ]
INFO: [ view_parse ] --END-- [ RunTime:0.016193s ]
INFO: [ view_filter ] --START--
INFO: Run Behavior\WriteHtmlCacheBehavior [ RunTime:0.000329s ]
INFO: [ view_filter ] --END-- [ RunTime:0.000405s ]
INFO: [ app_end ] --START--
INFO: Run Behavior\ShowPageTraceBehavior [ RunTime:0.000470s ]
INFO: [ app_end ] --END-- [ RunTime:0.000542s ]

[ 2016-05-13T16:21:21+08:00 ] 127.0.0.1 /wxdemo/Admin/SysTems/sysbase
INFO: [ app_init ] --START--
INFO: Run Behavior\BuildLiteBehavior [ RunTime:0.000030s ]
INFO: [ app_init ] --END-- [ RunTime:0.000665s ]
INFO: [ app_begin ] --START--
INFO: Run Behavior\ReadHtmlCacheBehavior [ RunTime:0.000610s ]
INFO: [ app_begin ] --END-- [ RunTime:0.000723s ]
NOTIC: [2] ini_set() [<a href='function.ini-set'>function.ini-set</a>]: A session is active. You cannot change the session module's ini settings at this time F:\wampcz\www\wxdemo\ThinkPHP\Common\functions.php 第 1245 行.
NOTIC: [8] A session had already been started - ignoring session_start() F:\wampcz\www\wxdemo\ThinkPHP\Common\functions.php 第 1263 行.
INFO: [ view_parse ] --START--
INFO: [ template_filter ] --START--
INFO: Run Behavior\ContentReplaceBehavior [ RunTime:0.000116s ]
INFO: [ template_filter ] --END-- [ RunTime:0.000243s ]
INFO: Run Behavior\ParseTemplateBehavior [ RunTime:0.019029s ]
INFO: [ view_parse ] --END-- [ RunTime:0.019154s ]
INFO: [ view_filter ] --START--
INFO: Run Behavior\WriteHtmlCacheBehavior [ RunTime:0.000359s ]
INFO: [ view_filter ] --END-- [ RunTime:0.000467s ]
INFO: [ app_end ] --START--
INFO: Run Behavior\ShowPageTraceBehavior [ RunTime:0.000581s ]
INFO: [ app_end ] --END-- [ RunTime:0.000695s ]

[ 2016-05-13T16:21:22+08:00 ] 127.0.0.1 /wxdemo/Admin/SysTems/syslog
INFO: [ app_init ] --START--
INFO: Run Behavior\BuildLiteBehavior [ RunTime:0.000035s ]
INFO: [ app_init ] --END-- [ RunTime:0.000643s ]
INFO: [ app_begin ] --START--
INFO: Run Behavior\ReadHtmlCacheBehavior [ RunTime:0.000692s ]
INFO: [ app_begin ] --END-- [ RunTime:0.000829s ]
NOTIC: [2] ini_set() [<a href='function.ini-set'>function.ini-set</a>]: A session is active. You cannot change the session module's ini settings at this time F:\wampcz\www\wxdemo\ThinkPHP\Common\functions.php 第 1245 行.
NOTIC: [8] A session had already been started - ignoring session_start() F:\wampcz\www\wxdemo\ThinkPHP\Common\functions.php 第 1263 行.
INFO: [ view_parse ] --START--
INFO: [ template_filter ] --START--
INFO: Run Behavior\ContentReplaceBehavior [ RunTime:0.000073s ]
INFO: [ template_filter ] --END-- [ RunTime:0.000157s ]
INFO: Run Behavior\ParseTemplateBehavior [ RunTime:0.015627s ]
INFO: [ view_parse ] --END-- [ RunTime:0.015742s ]
INFO: [ view_filter ] --START--
INFO: Run Behavior\WriteHtmlCacheBehavior [ RunTime:0.000333s ]
INFO: [ view_filter ] --END-- [ RunTime:0.000407s ]
INFO: [ app_end ] --START--
INFO: Run Behavior\ShowPageTraceBehavior [ RunTime:0.000479s ]
INFO: [ app_end ] --END-- [ RunTime:0.000551s ]

